time="2021-10-14T10:51:14-03:00" level=info msg="set report call : false" category=Message component=NAS
time="2021-10-14T10:51:14-03:00" level=info msg="set report call : false" category=FSM component=LIB
time="2021-10-14T10:51:14-03:00" level=info msg="set report call : false" category=NGAP component=LIB
time="2021-10-14T10:51:14-03:00" level=info msg="set report call : false" category=NamfComm component=OAPI
time="2021-10-14T10:51:14-03:00" level=info msg="set report call : false" category=NamfEvent component=OAPI
time="2021-10-14T10:51:14-03:00" level=info msg="set report call : false" category=NsmfPDUSess component=OAPI
time="2021-10-14T10:51:14-03:00" level=info msg="set report call : false" category=NudrDataRepo component=OAPI
time="2021-10-14T10:51:14-03:00" level=info msg="set report call : false" category=OAPI component=LIB
time="2021-10-14T10:51:14-03:00" level=info msg="set report call : false" category=Aper component=LIB
time="2021-10-14T10:51:14-03:00" level=info msg="set report call : false" category=Comm component=CommonTest
time="2021-10-15T02:50:50-03:00" level=info msg="set report call : false" category=NAS component=LIB
time="2021-10-15T02:50:50-03:00" level=info msg="set report call : false" category=FSM component=LIB
time="2021-10-15T02:50:50-03:00" level=info msg="set report call : false" category=NGAP component=LIB
time="2021-10-15T02:50:50-03:00" level=info msg="set report call : false" category=NamfComm component=OAPI
time="2021-10-15T02:50:50-03:00" level=info msg="set report call : false" category=NamfEvent component=OAPI
time="2021-10-15T02:50:50-03:00" level=info msg="set report call : false" category=NsmfPDUSess component=OAPI
time="2021-10-15T02:50:50-03:00" level=info msg="set report call : false" category=NudrDataRepo component=OAPI
time="2021-10-15T02:50:50-03:00" level=info msg="set report call : false" category=OAPI component=LIB
time="2021-10-15T02:50:50-03:00" level=info msg="set report call : false" category=Aper component=LIB
time="2021-10-15T02:50:50-03:00" level=info msg="set report call : false" category=Comm component=CommonTest
